0 info it worked if it ends with ok
1 verbose cli [ 'D:\\node.js\\node.exe',
1 verbose cli   'D:\\node.js\\node_modules\\npm\\bin\\npm-cli.js',
1 verbose cli   'start' ]
2 info using npm@3.10.10
3 info using node@v6.11.5
4 verbose run-script [ 'prestart', 'start', 'poststart' ]
5 info lifecycle guanli@0.0.0~prestart: guanli@0.0.0
6 silly lifecycle guanli@0.0.0~prestart: no script for prestart, continuing
7 info lifecycle guanli@0.0.0~start: guanli@0.0.0
8 verbose lifecycle guanli@0.0.0~start: unsafe-perm in lifecycle true
9 verbose lifecycle guanli@0.0.0~start: PATH: D:\node.js\node_modules\npm\bin\node-gyp-bin;F:\thirdjieduan\day5\onlinemall\guanli\node_modules\.bin;&path&;F:\Jdk1.5\bin;C:\WINDOWS\system32;C:\WINDOWS;C:\WINDOWS\System32\Wbem;C:\WINDOWS\System32\WindowsPowerShell\v1.0\;D:\tsvn\bin;D:\vsvn\bin;D:\node.js\;D:\git\Git\cmd;C:\Ruby23-x64\bin;C:\Users\Administrator\AppData\Local\Microsoft\WindowsApps;C:\Users\Administrator\AppData\Roaming\npm
10 verbose lifecycle guanli@0.0.0~start: CWD: F:\thirdjieduan\day5\onlinemall\guanli
11 silly lifecycle guanli@0.0.0~start: Args: [ '/d /s /c', 'node-dev ./bin/www' ]
12 verbose stack Error: kill ENOSYS
12 verbose stack     at Object.exports._errnoException (util.js:1020:11)
12 verbose stack     at process.kill (internal/process.js:191:18)
12 verbose stack     at process.listener (D:\node.js\node_modules\npm\node_modules\npmlog\node_modules\gauge\node_modules\signal-exit\index.js:86:15)
12 verbose stack     at emitNone (events.js:91:20)
12 verbose stack     at process.emit (events.js:185:7)
12 verbose stack     at processEmit (D:\node.js\node_modules\npm\node_modules\npmlog\node_modules\gauge\node_modules\signal-exit\index.js:146:32)
12 verbose stack     at processEmit (D:\node.js\node_modules\npm\node_modules\npm-registry-client\node_modules\npmlog\node_modules\gauge\node_modules\signal-exit\index.js:146:32)
12 verbose stack     at Signal.wrap.onsignal (internal/process.js:217:44)
13 verbose cwd F:\thirdjieduan\day5\onlinemall\guanli
14 error Windows_NT 10.0.15063
15 error argv "D:\\node.js\\node.exe" "D:\\node.js\\node_modules\\npm\\bin\\npm-cli.js" "start"
16 error node v6.11.5
17 error npm  v3.10.10
18 error code ENOSYS
19 error errno ENOSYS
20 error syscall kill
21 error kill ENOSYS
22 error If you need help, you may report this error at:
22 error     <https://github.com/npm/npm/issues>
23 verbose exit [ 1, true ]
